# JRE version: Java(TM) SE Runtime Environment (8.0_102-b14) (build 1.8.0_102-b14)
# Java VM: Java HotSpot(TM) 64-Bit Server VM (25.102-b14 mixed mode windows-amd64 compressed oops)
Heap:
 PSYoungGen      total 298496K, used 11203K [0x00000000d5b80000, 0x00000000ed200000, 0x0000000100000000)
  eden space 276992K, 0% used [0x00000000d5b80000,0x00000000d5b80000,0x00000000e6a00000)
  from space 21504K, 52% used [0x00000000e7e00000,0x00000000e88f0e20,0x00000000e9300000)
  to   space 20480K, 0% used [0x00000000e6a00000,0x00000000e6a00000,0x00000000e7e00000)
 ParOldGen       total 107520K, used 34654K [0x0000000081200000, 0x0000000087b00000, 0x00000000d5b80000)
  object space 107520K, 32% used [0x0000000081200000,0x00000000833d7850,0x0000000087b00000)
 Metaspace       used 34901K, capacity 35233K, committed 35416K, reserved 1079296K
  class space    used 4611K, capacity 4707K, committed 4736K, reserved 1048576K
GC Heap History (10 events):
Event: 5.223 GC heap before
{Heap before GC invocations=4 (full 0):
 PSYoungGen      total 71680K, used 71674K [0x00000000d5b80000, 0x00000000de780000, 0x0000000100000000)
  eden space 66560K, 100% used [0x00000000d5b80000,0x00000000d9c80000,0x00000000d9c80000)
  from space 5120K, 99% used [0x00000000d9c80000,0x00000000da17e910,0x00000000da180000)
  to   space 5120K, 0% used [0x00000000de280000,0x00000000de280000,0x00000000de780000)
 ParOldGen       total 87552K, used 9892K [0x0000000081200000, 0x0000000086780000, 0x00000000d5b80000)
  object space 87552K, 11% used [0x0000000081200000,0x0000000081ba9338,0x0000000086780000)
 Metaspace       used 15784K, capacity 15966K, committed 16128K, reserved 1062912K
  class space    used 1928K, capacity 1996K, committed 2048K, reserved 1048576K
Event: 5.262 GC heap after
Heap after GC invocations=4 (full 0):
 PSYoungGen      total 138240K, used 5106K [0x00000000d5b80000, 0x00000000de780000, 0x0000000100000000)
  eden space 133120K, 0% used [0x00000000d5b80000,0x00000000d5b80000,0x00000000ddd80000)
  from space 5120K, 99% used [0x00000000de280000,0x00000000de77cb78,0x00000000de780000)
  to   space 5120K, 0% used [0x00000000ddd80000,0x00000000ddd80000,0x00000000de280000)
 ParOldGen       total 87552K, used 24503K [0x0000000081200000, 0x0000000086780000, 0x00000000d5b80000)
  object space 87552K, 27% used [0x0000000081200000,0x00000000829edc60,0x0000000086780000)
 Metaspace       used 15784K, capacity 15966K, committed 16128K, reserved 1062912K
  class space    used 1928K, capacity 1996K, committed 2048K, reserved 1048576K
}
Event: 6.518 GC heap before
{Heap before GC invocations=5 (full 0):
 PSYoungGen      total 138240K, used 95922K [0x00000000d5b80000, 0x00000000de780000, 0x0000000100000000)
  eden space 133120K, 68% used [0x00000000d5b80000,0x00000000db42fe08,0x00000000ddd80000)
  from space 5120K, 99% used [0x00000000de280000,0x00000000de77cb78,0x00000000de780000)
  to   space 5120K, 0% used [0x00000000ddd80000,0x00000000ddd80000,0x00000000de280000)
 ParOldGen       total 87552K, used 24503K [0x0000000081200000, 0x0000000086780000, 0x00000000d5b80000)
  object space 87552K, 27% used [0x0000000081200000,0x00000000829edc60,0x0000000086780000)
 Metaspace       used 20855K, capacity 21074K, committed 21248K, reserved 1067008K
  class space    used 2657K, capacity 2724K, committed 2816K, reserved 1048576K
Event: 6.559 GC heap after
Heap after GC invocations=5 (full 0):
 PSYoungGen      total 138240K, used 5096K [0x00000000d5b80000, 0x00000000e8b80000, 0x0000000100000000)
  eden space 133120K, 0% used [0x00000000d5b80000,0x00000000d5b80000,0x00000000ddd80000)
  from space 5120K, 99% used [0x00000000ddd80000,0x00000000de27a300,0x00000000de280000)
  to   space 22528K, 0% used [0x00000000e7580000,0x00000000e7580000,0x00000000e8b80000)
 ParOldGen       total 87552K, used 34376K [0x0000000081200000, 0x0000000086780000, 0x00000000d5b80000)
  object space 87552K, 39% used [0x0000000081200000,0x00000000833920d8,0x0000000086780000)
 Metaspace       used 20855K, capacity 21074K, committed 21248K, reserved 1067008K
  class space    used 2657K, capacity 2724K, committed 2816K, reserved 1048576K
}
Event: 6.559 GC heap before
{Heap before GC invocations=6 (full 1):
 PSYoungGen      total 138240K, used 5096K [0x00000000d5b80000, 0x00000000e8b80000, 0x0000000100000000)
  eden space 133120K, 0% used [0x00000000d5b80000,0x00000000d5b80000,0x00000000ddd80000)
  from space 5120K, 99% used [0x00000000ddd80000,0x00000000de27a300,0x00000000de280000)
  to   space 22528K, 0% used [0x00000000e7580000,0x00000000e7580000,0x00000000e8b80000)
 ParOldGen       total 87552K, used 34376K [0x0000000081200000, 0x0000000086780000, 0x00000000d5b80000)
  object space 87552K, 39% used [0x0000000081200000,0x00000000833920d8,0x0000000086780000)
 Metaspace       used 20855K, capacity 21074K, committed 21248K, reserved 1067008K
  class space    used 2657K, capacity 2724K, committed 2816K, reserved 1048576K
Event: 6.901 GC heap after
Heap after GC invocations=6 (full 1):
 PSYoungGen      total 138240K, used 0K [0x00000000d5b80000, 0x00000000e8b80000, 0x0000000100000000)
  eden space 133120K, 0% used [0x00000000d5b80000,0x00000000d5b80000,0x00000000ddd80000)
  from space 5120K, 0% used [0x00000000ddd80000,0x00000000ddd80000,0x00000000de280000)
  to   space 22528K, 0% used [0x00000000e7580000,0x00000000e7580000,0x00000000e8b80000)
 ParOldGen       total 107520K, used 34630K [0x0000000081200000, 0x0000000087b00000, 0x00000000d5b80000)
  object space 107520K, 32% used [0x0000000081200000,0x00000000833d1850,0x0000000087b00000)
 Metaspace       used 20855K, capacity 21074K, committed 21248K, reserved 1067008K
  class space    used 2657K, capacity 2724K, committed 2816K, reserved 1048576K
}
Event: 8.632 GC heap before
{Heap before GC invocations=7 (full 1):
 PSYoungGen      total 138240K, used 133120K [0x00000000d5b80000, 0x00000000e8b80000, 0x0000000100000000)
  eden space 133120K, 100% used [0x00000000d5b80000,0x00000000ddd80000,0x00000000ddd80000)
  from space 5120K, 0% used [0x00000000ddd80000,0x00000000ddd80000,0x00000000de280000)
  to   space 22528K, 0% used [0x00000000e7580000,0x00000000e7580000,0x00000000e8b80000)
 ParOldGen       total 107520K, used 34630K [0x0000000081200000, 0x0000000087b00000, 0x00000000d5b80000)
  object space 107520K, 32% used [0x0000000081200000,0x00000000833d1850,0x0000000087b00000)
 Metaspace       used 26075K, capacity 26340K, committed 26752K, reserved 1073152K
  class space    used 3527K, capacity 3623K, committed 3712K, reserved 1048576K
Event: 8.838 GC heap after
Heap after GC invocations=7 (full 1):
 PSYoungGen      total 199680K, used 5314K [0x00000000d5b80000, 0x00000000e7b00000, 0x0000000100000000)
  eden space 194048K, 0% used [0x00000000d5b80000,0x00000000d5b80000,0x00000000e1900000)
  from space 5632K, 94% used [0x00000000e7580000,0x00000000e7ab0b38,0x00000000e7b00000)
  to   space 22528K, 0% used [0x00000000e4f00000,0x00000000e4f00000,0x00000000e6500000)
 ParOldGen       total 107520K, used 34630K [0x0000000081200000, 0x0000000087b00000, 0x00000000d5b80000)
  object space 107520K, 32% used [0x0000000081200000,0x00000000833d1850,0x0000000087b00000)
 Metaspace       used 26075K, capacity 26340K, committed 26752K, reserved 1073152K
  class space    used 3527K, capacity 3623K, committed 3712K, reserved 1048576K
}
Event: 11.119 GC heap before
{Heap before GC invocations=8 (full 1):
 PSYoungGen      total 199680K, used 199362K [0x00000000d5b80000, 0x00000000e7b00000, 0x0000000100000000)
  eden space 194048K, 100% used [0x00000000d5b80000,0x00000000e1900000,0x00000000e1900000)
  from space 5632K, 94% used [0x00000000e7580000,0x00000000e7ab0b38,0x00000000e7b00000)
  to   space 22528K, 0% used [0x00000000e4f00000,0x00000000e4f00000,0x00000000e6500000)
 ParOldGen       total 107520K, used 34630K [0x0000000081200000, 0x0000000087b00000, 0x00000000d5b80000)
  object space 107520K, 32% used [0x0000000081200000,0x00000000833d1850,0x0000000087b00000)
 Metaspace       used 30957K, capacity 31217K, committed 31616K, reserved 1077248K
  class space    used 4073K, capacity 4147K, committed 4224K, reserved 1048576K
Event: 11.166 GC heap after
Heap after GC invocations=8 (full 1):
 PSYoungGen      total 271872K, used 8451K [0x00000000d5b80000, 0x00000000e9300000, 0x0000000100000000)
  eden space 249344K, 0% used [0x00000000d5b80000,0x00000000d5b80000,0x00000000e4f00000)
  from space 22528K, 37% used [0x00000000e4f00000,0x00000000e5740d78,0x00000000e6500000)
  to   space 21504K, 0% used [0x00000000e7e00000,0x00000000e7e00000,0x00000000e9300000)
 ParOldGen       total 107520K, used 34638K [0x0000000081200000, 0x0000000087b00000, 0x00000000d5b80000)
  object space 107520K, 32% used [0x0000000081200000,0x00000000833d3850,0x0000000087b00000)
 Metaspace       used 30957K, capacity 31217K, committed 31616K, reserved 1077248K
  class space    used 4073K, capacity 4147K, committed 4224K, reserved 1048576K
}

